d:\smartpack\spcs\motioncontroldll\motioncontroldll\x64\debug\motioncontroldll.pch
d:\smartpack\spcs\motioncontroldll\motioncontroldll\x64\debug\vc140.pdb
d:\smartpack\spcs\motioncontroldll\motioncontroldll\x64\debug\vc140.idb
d:\smartpack\spcs\motioncontroldll\motioncontroldll\x64\debug\stdafx.obj
d:\smartpack\spcs\motioncontroldll\motioncontroldll\x64\debug\dllmain.obj
d:\smartpack\spcs\motioncontroldll\motioncontroldll\x64\debug\motioncontroldll.obj
d:\smartpack\spcs\_run64_d\motioncontroldll.ilk
d:\smartpack\spcs\_run64_d\motioncontroldll.dll
d:\smartpack\spcs\_run64_d\motioncontroldll.pdb
d:\smartpack\spcs\_run64_d\motioncontroldll.lib
d:\smartpack\spcs\_run64_d\motioncontroldll.exp
d:\smartpack\spcs\motioncontroldll\motioncontroldll\x64\debug\motioncontroldll.res
d:\project\spcs\motioncontroldll\motioncontroldll\x64\debug\dllmain.obj
d:\project\spcs\motioncontroldll\motioncontroldll\x64\debug\motioncontroldll.obj
d:\project\spcs\motioncontroldll\motioncontroldll\x64\debug\stdafx.obj
d:\project\spcs\motioncontroldll\motioncontroldll\x64\debug\motioncontroldll.res
d:\project\spcs\motioncontroldll\motioncontroldll\x64\debug\motioncontroldll.pch
d:\project\spcs\motioncontroldll\motioncontroldll\x64\debug\vc140.idb
d:\project\spcs\motioncontroldll\motioncontroldll\x64\debug\vc140.pdb
d:\project\spcs\motioncontroldll\motioncontroldll\..\..\_run64_d\motioncontroldll.dll
d:\project\spcs\motioncontroldll\motioncontroldll\x64\debug\motioncontroldll.tlog\cl.command.1.tlog
d:\project\spcs\motioncontroldll\motioncontroldll\x64\debug\motioncontroldll.tlog\cl.read.1.tlog
d:\project\spcs\motioncontroldll\motioncontroldll\x64\debug\motioncontroldll.tlog\cl.write.1.tlog
d:\project\spcs\motioncontroldll\motioncontroldll\x64\debug\motioncontroldll.tlog\link.command.1.tlog
d:\project\spcs\motioncontroldll\motioncontroldll\x64\debug\motioncontroldll.tlog\link.read.1.tlog
d:\project\spcs\motioncontroldll\motioncontroldll\x64\debug\motioncontroldll.tlog\link.write.1.tlog
d:\project\spcs\motioncontroldll\motioncontroldll\x64\debug\motioncontroldll.tlog\motioncontroldll.write.1u.tlog
d:\project\spcs\motioncontroldll\motioncontroldll\x64\debug\motioncontroldll.tlog\rc.command.1.tlog
d:\project\spcs\motioncontroldll\motioncontroldll\x64\debug\motioncontroldll.tlog\rc.read.1.tlog
d:\project\spcs\motioncontroldll\motioncontroldll\x64\debug\motioncontroldll.tlog\rc.write.1.tlog
