d:\project\smartfac\motioncontroldll\motioncontroldll\x64\release\motioncontroldll.pch
d:\project\smartfac\motioncontroldll\motioncontroldll\x64\release\vc140.pdb
d:\project\smartfac\motioncontroldll\motioncontroldll\x64\release\stdafx.obj
d:\project\smartfac\motioncontroldll\motioncontroldll\x64\release\dllmain.obj
d:\project\smartfac\motioncontroldll\motioncontroldll\x64\release\motioncontroldll.obj
d:\project\smartfac\_run64_r\motioncontroldll.dll
d:\project\smartfac\_run64_r\motioncontroldll.ipdb
d:\project\smartfac\_run64_r\motioncontroldll.iobj
d:\project\smartfac\_run64_r\motioncontroldll.pdb
d:\project\smartfac\_run64_r\motioncontroldll.lib
d:\project\smartfac\_run64_r\motioncontroldll.exp
d:\project\smartfac\motioncontroldll\motioncontroldll\x64\release\motioncontroldll.res
d:\project\spcs\motioncontroldll\motioncontroldll\x64\release\dllmain.obj
d:\project\spcs\motioncontroldll\motioncontroldll\x64\release\motioncontroldll.obj
d:\project\spcs\motioncontroldll\motioncontroldll\x64\release\stdafx.obj
d:\project\spcs\motioncontroldll\motioncontroldll\x64\release\motioncontroldll.res
d:\project\spcs\motioncontroldll\motioncontroldll\x64\release\motioncontroldll.pch
d:\project\spcs\motioncontroldll\motioncontroldll\x64\release\vc140.pdb
d:\project\spcs\motioncontroldll\motioncontroldll\x64\release\motioncontroldll.tlog\cl.command.1.tlog
d:\project\spcs\motioncontroldll\motioncontroldll\x64\release\motioncontroldll.tlog\cl.read.1.tlog
d:\project\spcs\motioncontroldll\motioncontroldll\x64\release\motioncontroldll.tlog\cl.write.1.tlog
d:\project\spcs\motioncontroldll\motioncontroldll\x64\release\motioncontroldll.tlog\link.command.1.tlog
d:\project\spcs\motioncontroldll\motioncontroldll\x64\release\motioncontroldll.tlog\link.read.1.tlog
d:\project\spcs\motioncontroldll\motioncontroldll\x64\release\motioncontroldll.tlog\link.write.1.tlog
d:\project\spcs\motioncontroldll\motioncontroldll\x64\release\motioncontroldll.tlog\motioncontroldll.write.1u.tlog
d:\project\spcs\motioncontroldll\motioncontroldll\x64\release\motioncontroldll.tlog\rc.command.1.tlog
d:\project\spcs\motioncontroldll\motioncontroldll\x64\release\motioncontroldll.tlog\rc.read.1.tlog
d:\project\spcs\motioncontroldll\motioncontroldll\x64\release\motioncontroldll.tlog\rc.write.1.tlog
