d:\work\pni\02. hyundai\double2\motioncontroldll\motioncontroldll\debug\motioncontroldll.pch
d:\work\pni\02. hyundai\double2\motioncontroldll\motioncontroldll\debug\vc140.pdb
d:\work\pni\02. hyundai\double2\motioncontroldll\motioncontroldll\debug\vc140.idb
d:\work\pni\02. hyundai\double2\motioncontroldll\motioncontroldll\debug\stdafx.obj
d:\work\pni\02. hyundai\double2\motioncontroldll\motioncontroldll\debug\dllmain.obj
d:\work\pni\02. hyundai\double2\motioncontroldll\motioncontroldll\debug\motioncontroldll.obj
d:\work\pni\02. hyundai\double2\motioncontroldll\debug\motioncontroldll.ilk
d:\work\pni\02. hyundai\double2\motioncontroldll\debug\motioncontroldll.dll
d:\work\pni\02. hyundai\double2\motioncontroldll\debug\motioncontroldll.pdb
d:\work\pni\02. hyundai\double2\motioncontroldll\debug\motioncontroldll.lib
d:\work\pni\02. hyundai\double2\motioncontroldll\debug\motioncontroldll.exp
d:\work\pni\02. hyundai\double2\motioncontroldll\motioncontroldll\debug\motioncontroldll.res
d:\work\pni\02. hyundai\double2\motioncontroldll\motioncontroldll\debug\motioncontroldll.tlog\cl.command.1.tlog
d:\work\pni\02. hyundai\double2\motioncontroldll\motioncontroldll\debug\motioncontroldll.tlog\cl.read.1.tlog
d:\work\pni\02. hyundai\double2\motioncontroldll\motioncontroldll\debug\motioncontroldll.tlog\cl.write.1.tlog
d:\work\pni\02. hyundai\double2\motioncontroldll\motioncontroldll\debug\motioncontroldll.tlog\link.command.1.tlog
d:\work\pni\02. hyundai\double2\motioncontroldll\motioncontroldll\debug\motioncontroldll.tlog\link.read.1.tlog
d:\work\pni\02. hyundai\double2\motioncontroldll\motioncontroldll\debug\motioncontroldll.tlog\link.write.1.tlog
d:\work\pni\02. hyundai\double2\motioncontroldll\motioncontroldll\debug\motioncontroldll.tlog\motioncontroldll.write.1u.tlog
d:\work\pni\02. hyundai\double2\motioncontroldll\motioncontroldll\debug\motioncontroldll.tlog\rc.command.1.tlog
d:\work\pni\02. hyundai\double2\motioncontroldll\motioncontroldll\debug\motioncontroldll.tlog\rc.read.1.tlog
d:\work\pni\02. hyundai\double2\motioncontroldll\motioncontroldll\debug\motioncontroldll.tlog\rc.write.1.tlog
